APP/build/intermediates/manifest_merge_blame_file/ARelease/processAReleaseMainManifest/manifest-merger-blame-A-release-report.txt
1<?xml version="1.0" encoding="utf-8"?>
2<manifest xmlns:android="http://schemas.android.com/apk/res/android"
3    package="com.forcepower.starsfa"
4    android:versionCode="72"
5    android:versionName="5.6.7.9" > <!-- star 5.6.1.6.....5.6.2.0  star 5.6.1.9   shakti 5.6.1.8 -->
6    <uses-sdk
6-->src/main/AndroidManifest.xml:6:5-54
7        android:minSdkVersion="21"
8        android:targetSdkVersion="35" />
9
10    <uses-feature
10-->src/main/AndroidManifest.xml:8:5-10:35
11        android:name="android.hardware.camera"
11-->src/main/AndroidManifest.xml:9:9-47
12        android:required="true" />
12-->src/main/AndroidManifest.xml:10:9-32
13    <uses-feature android:name="android.hardware.camera.autofocus" />
13-->src/main/AndroidManifest.xml:11:5-70
13-->src/main/AndroidManifest.xml:11:19-67
14
15    <uses-permission android:name="android.permission.BLUETOOTH_CONNECT" />
15-->src/main/AndroidManifest.xml:13:5-76
15-->src/main/AndroidManifest.xml:13:22-73
16    <uses-permission android:name="android.permission.WRITE_EXTERNAL_STORAGE" />
16-->src/main/AndroidManifest.xml:14:5-81
16-->src/main/AndroidManifest.xml:14:22-78
17    <uses-permission android:name="android.permission.ACCESS_NETWORK_STATE" />
17-->src/main/AndroidManifest.xml:15:5-79
17-->src/main/AndroidManifest.xml:15:22-76
18    <uses-permission android:name="android.permission.POST_NOTIFICATIONS" />
18-->src/main/AndroidManifest.xml:16:5-77
18-->src/main/AndroidManifest.xml:16:22-74
19    <uses-permission android:name="android.permission.INTERNET" />
19-->src/main/AndroidManifest.xml:17:5-67
19-->src/main/AndroidManifest.xml:17:22-64
20    <uses-permission android:name="android.permission.ACCESS_COARSE_LOCATION" />
20-->src/main/AndroidManifest.xml:18:5-81
20-->src/main/AndroidManifest.xml:18:22-78
21    <uses-permission android:name="android.permission.ACCESS_FINE_LOCATION" />
21-->src/main/AndroidManifest.xml:19:5-79
21-->src/main/AndroidManifest.xml:19:22-76
22    <uses-permission android:name="android.permission.CHANGE_NETWORK_STATE" />
22-->src/main/AndroidManifest.xml:20:5-79
22-->src/main/AndroidManifest.xml:20:22-76
23    <uses-permission android:name="android.permission.PREVENT_POWER_KEY" />
23-->src/main/AndroidManifest.xml:21:5-76
23-->src/main/AndroidManifest.xml:21:22-73
24    <uses-permission android:name="android.permission.ACCESS_ASSISTED_GPS" />
24-->src/main/AndroidManifest.xml:22:5-78
24-->src/main/AndroidManifest.xml:22:22-75
25    <uses-permission android:name="android.permission.ACCESS_LOCATION" />
25-->src/main/AndroidManifest.xml:23:5-74
25-->src/main/AndroidManifest.xml:23:22-71
26    <uses-permission android:name="android.permission.GET_TASKS" />
26-->src/main/AndroidManifest.xml:24:5-68
26-->src/main/AndroidManifest.xml:24:22-65
27    <uses-permission android:name="android.permission.BLUETOOTH" />
27-->src/main/AndroidManifest.xml:25:5-68
27-->src/main/AndroidManifest.xml:25:22-65
28    <uses-permission android:name="android.permission.BLUETOOTH_ADMIN" />
28-->src/main/AndroidManifest.xml:26:5-74
28-->src/main/AndroidManifest.xml:26:22-71
29    <uses-permission android:name="android.permission.SYSTEM_ALERT_WINDOW" />
29-->src/main/AndroidManifest.xml:27:5-78
29-->src/main/AndroidManifest.xml:27:22-75
30    <uses-permission android:name="android.permission.CAMERA" />
30-->src/main/AndroidManifest.xml:28:5-65
30-->src/main/AndroidManifest.xml:28:22-62
31    <uses-permission android:name="android.permission.GET_ACCOUNTS" />
31-->src/main/AndroidManifest.xml:29:5-71
31-->src/main/AndroidManifest.xml:29:22-68
32    <uses-permission android:name="android.permission.WAKE_LOCK" />
32-->src/main/AndroidManifest.xml:30:5-68
32-->src/main/AndroidManifest.xml:30:22-65
33    <uses-permission android:name="org.forcepower.acedns.permission.C2D_MESSAGE" />
33-->src/main/AndroidManifest.xml:31:5-84
33-->src/main/AndroidManifest.xml:31:22-81
34    <uses-permission android:name="com.google.android.c2dm.permission.RECEIVE" />
34-->src/main/AndroidManifest.xml:32:5-82
34-->src/main/AndroidManifest.xml:32:22-79
35    <uses-permission android:name="android.permission.READ_PHONE_STATE" />
35-->src/main/AndroidManifest.xml:33:5-75
35-->src/main/AndroidManifest.xml:33:22-72
36    <uses-permission android:name="android.permission.FLASHLIGHT" /> <!-- <uses-permission android:name="android.permission.CALL_PHONE" /> -->
36-->src/main/AndroidManifest.xml:34:5-69
36-->src/main/AndroidManifest.xml:34:22-66
37    <uses-permission android:name="android.permission.READ_EXTERNAL_STORAGE" />
37-->src/main/AndroidManifest.xml:35:5-80
37-->src/main/AndroidManifest.xml:35:22-77
38    <!--
39    <permission
40        android:name="android.permission.BLUETOOTH"
41        android:label="BLUETOOTH" />
42    <permission android:name="android.permission.BLUETOOTH_ADMIN" />
43    -->
44    <permission
44-->src/main/AndroidManifest.xml:42:5-44:47
45        android:name="org.forcepower.acedns.permission.C2D_MESSAGE"
45-->src/main/AndroidManifest.xml:43:9-68
46        android:protectionLevel="signature" />
46-->src/main/AndroidManifest.xml:44:9-44
47    <permission
47-->src/main/AndroidManifest.xml:45:5-47:47
48        android:name="org.forcepower.acedns.permission.MAPS_RECEIVE"
48-->src/main/AndroidManifest.xml:46:9-69
49        android:protectionLevel="signature" />
49-->src/main/AndroidManifest.xml:47:9-44
50
51    <uses-permission android:name="android.permission.ACCESS_WIFI_STATE" />
51-->src/main/AndroidManifest.xml:49:5-76
51-->src/main/AndroidManifest.xml:49:22-73
52    <uses-permission android:name="com.google.android.providers.gsf.permission.READ_GSERVICES" />
52-->src/main/AndroidManifest.xml:50:5-98
52-->src/main/AndroidManifest.xml:50:22-95
53    <uses-permission android:name="package.name.permission.MAPS_RECEIVE" />
53-->src/main/AndroidManifest.xml:51:5-76
53-->src/main/AndroidManifest.xml:51:22-73
54
55    <uses-feature
55-->src/main/AndroidManifest.xml:53:5-55:35
56        android:glEsVersion="0x00020000"
56-->src/main/AndroidManifest.xml:54:9-41
57        android:required="true" />
57-->src/main/AndroidManifest.xml:55:9-32
58
59    <queries>
59-->[com.google.android.gms:play-services-maps:18.1.0] AndroidManifest.xml:30:5-34:15
60
61        <!-- Needs to be explicitly declared on Android R+ -->
62        <package android:name="com.google.android.apps.maps" />
62-->[com.google.android.gms:play-services-maps:18.1.0] AndroidManifest.xml:33:9-64
62-->[com.google.android.gms:play-services-maps:18.1.0] AndroidManifest.xml:33:18-61
63    </queries>
64
65    <uses-permission android:name="com.google.android.finsky.permission.BIND_GET_INSTALL_REFERRER_SERVICE" />
65-->[com.google.android.gms:play-services-measurement:21.3.0] AndroidManifest.xml:26:5-110
65-->[com.google.android.gms:play-services-measurement:21.3.0] AndroidManifest.xml:26:22-107
66    <uses-permission android:name="com.google.android.gms.permission.AD_ID" />
66-->[com.google.android.gms:play-services-measurement-impl:21.3.0] AndroidManifest.xml:27:5-79
66-->[com.google.android.gms:play-services-measurement-impl:21.3.0] AndroidManifest.xml:27:22-76
67
68    <permission
68-->[androidx.core:core:1.9.0] AndroidManifest.xml:22:5-24:47
69        android:name="com.forcepower.starsfa.DYNAMIC_RECEIVER_NOT_EXPORTED_PERMISSION"
69-->[androidx.core:core:1.9.0] AndroidManifest.xml:23:9-81
70        android:protectionLevel="signature" />
70-->[androidx.core:core:1.9.0] AndroidManifest.xml:24:9-44
71
72    <uses-permission android:name="com.forcepower.starsfa.DYNAMIC_RECEIVER_NOT_EXPORTED_PERMISSION" />
72-->[androidx.core:core:1.9.0] AndroidManifest.xml:26:5-97
72-->[androidx.core:core:1.9.0] AndroidManifest.xml:26:22-94
73
74    <application
74-->src/main/AndroidManifest.xml:57:5-1080:19
75        android:name="com.forcepower.acedns.application.ParentApplication"
75-->src/main/AndroidManifest.xml:58:9-54
76        android:allowBackup="true"
76-->src/main/AndroidManifest.xml:59:9-35
77        android:appComponentFactory="androidx.core.app.CoreComponentFactory"
77-->[androidx.core:core:1.9.0] AndroidManifest.xml:28:18-86
78        android:extractNativeLibs="true"
79        android:icon="@mipmap/ic_launcher_star_sfa"
79-->src/main/AndroidManifest.xml:60:9-52
80        android:label="@string/app_name"
80-->src/main/AndroidManifest.xml:61:9-41
81        android:largeHeap="true"
81-->src/main/AndroidManifest.xml:62:9-33
82        android:manageSpaceActivity=".activity.ManageSpaceActivity"
82-->src/main/AndroidManifest.xml:63:9-68
83        android:supportsRtl="true"
83-->[com.github.AnyChart:AnyChart-Android:1.1.2] AndroidManifest.xml:14:9-35
84        android:theme="@style/MyMaterialTheme"
84-->src/main/AndroidManifest.xml:64:9-47
85        android:usesCleartextTraffic="true" >
85-->src/main/AndroidManifest.xml:65:9-44
86        <activity
86-->src/main/AndroidManifest.xml:67:9-69:40
87            android:name="com.forcepower.acedns.new_activity.raise_issue.RaiseIssueHistoryActivity"
87-->src/main/AndroidManifest.xml:68:13-79
88            android:exported="false" />
88-->src/main/AndroidManifest.xml:69:13-37
89        <activity
89-->src/main/AndroidManifest.xml:70:9-72:40
90            android:name="com.forcepower.acedns.new_activity.raise_issue.RaiseIssueMenuActivity"
90-->src/main/AndroidManifest.xml:71:13-76
91            android:exported="false" />
91-->src/main/AndroidManifest.xml:72:13-37
92        <activity
92-->src/main/AndroidManifest.xml:73:9-75:40
93            android:name="com.forcepower.acedns.new_activity.raise_issue.RaiseIssueActivity"
93-->src/main/AndroidManifest.xml:74:13-72
94            android:exported="false" />
94-->src/main/AndroidManifest.xml:75:13-37
95        <activity
95-->src/main/AndroidManifest.xml:76:9-78:40
96            android:name="com.forcepower.acedns.new_activity.ocr.ShowOcrDataAndSubmitActivity"
96-->src/main/AndroidManifest.xml:77:13-74
97            android:exported="false" />
97-->src/main/AndroidManifest.xml:78:13-37
98        <activity
98-->src/main/AndroidManifest.xml:79:9-81:40
99            android:name="com.forcepower.acedns.new_activity.ocr.CaptureImageForOcrActivity"
99-->src/main/AndroidManifest.xml:80:13-72
100            android:exported="false" />
100-->src/main/AndroidManifest.xml:81:13-37
101        <activity
101-->src/main/AndroidManifest.xml:82:9-84:40
102            android:name="com.forcepower.acedns.new_activity.dhalai_meet.DhalaiMeetActivity"
102-->src/main/AndroidManifest.xml:83:13-72
103            android:exported="false" /> <!-- <receiver -->
103-->src/main/AndroidManifest.xml:84:13-37
104        <!-- android:name=".broadcast.SendBackupReceiver" -->
105        <!-- android:enabled="true" -->
106        <!-- android:exported="true"> -->
107        <!-- <intent-filter> -->
108        <!-- <action android:name="com.forcepower.acedns.ACTION_SEND_BACKUP_FILES" /> -->
109        <!-- </intent-filter> -->
110        <!-- </receiver> -->
111        <!-- <receiver -->
112        <!-- android:name=".broadcast.SyncFilesReceiver" -->
113        <!-- android:enabled="true" -->
114        <!-- android:exported="true"> -->
115        <!-- <intent-filter> -->
116        <!-- <action android:name="com.forcepower.acedns.ACTION_SYNC_FILES" /> -->
117        <!-- </intent-filter> -->
118        <!-- </receiver> -->
119        <!-- <receiver -->
120        <!-- android:name=".broadcast.DeleteFilesReceiver" -->
121        <!-- android:enabled="true" -->
122        <!-- android:exported="true"> -->
123        <!-- <intent-filter> -->
124        <!-- <action android:name="com.forcepower.acedns.ACTION_DELETE_FILES" /> -->
125        <!-- </intent-filter> -->
126        <!-- </receiver> -->
127        <activity
127-->src/main/AndroidManifest.xml:108:9-110:40
128            android:name="com.forcepower.acedns.new_activity.credit_limit.CustomerWiseCreditLimitActivity"
128-->src/main/AndroidManifest.xml:109:13-86
129            android:exported="false" />
129-->src/main/AndroidManifest.xml:110:13-37
130        <activity
130-->src/main/AndroidManifest.xml:111:9-113:40
131            android:name="com.forcepower.acedns.new_activity.nt_quotation.activity.lead_quotation.LeadQuotationListActivity"
131-->src/main/AndroidManifest.xml:112:13-104
132            android:exported="false" />
132-->src/main/AndroidManifest.xml:113:13-37
133        <activity
133-->src/main/AndroidManifest.xml:114:9-116:40
134            android:name="com.forcepower.acedns.new_activity.customer_outstanding.CustomerWiseOutstandingDetailsActivity"
134-->src/main/AndroidManifest.xml:115:13-101
135            android:exported="false" />
135-->src/main/AndroidManifest.xml:116:13-37
136        <activity
136-->src/main/AndroidManifest.xml:117:9-119:40
137            android:name="com.forcepower.acedns.new_activity.customer_outstanding.CustomerWiseOutstandingActivity"
137-->src/main/AndroidManifest.xml:118:13-94
138            android:exported="false" />
138-->src/main/AndroidManifest.xml:119:13-37
139        <activity
139-->src/main/AndroidManifest.xml:120:9-122:40
140            android:name="com.forcepower.acedns.new_activity.target_achievement.EmployeeTargetAchievementDetailsActivity"
140-->src/main/AndroidManifest.xml:121:13-101
141            android:exported="false" />
141-->src/main/AndroidManifest.xml:122:13-37
142        <activity
142-->src/main/AndroidManifest.xml:123:9-125:40
143            android:name="com.forcepower.acedns.new_activity.target_achievement.EmployeeTargetAchievementActivity"
143-->src/main/AndroidManifest.xml:124:13-94
144            android:exported="false" />
144-->src/main/AndroidManifest.xml:125:13-37
145        <activity
145-->src/main/AndroidManifest.xml:126:9-128:40
146            android:name="com.forcepower.acedns.new_activity.nt_quotation.activity.lead_query.QueryGenerationActivity"
146-->src/main/AndroidManifest.xml:127:13-98
147            android:exported="false" />
147-->src/main/AndroidManifest.xml:128:13-37
148        <activity
148-->src/main/AndroidManifest.xml:129:9-131:40
149            android:name="com.forcepower.acedns.new_activity.nt_quotation.activity.lead_query.LeadQueryActivity"
149-->src/main/AndroidManifest.xml:130:13-92
150            android:exported="false" />
150-->src/main/AndroidManifest.xml:131:13-37
151        <activity
151-->src/main/AndroidManifest.xml:132:9-134:40
152            android:name="com.forcepower.acedns.new_activity.nt_quotation.activity.lead_graph.LeadGenerationLogReportDetailsActivity"
152-->src/main/AndroidManifest.xml:133:13-113
153            android:exported="false" />
153-->src/main/AndroidManifest.xml:134:13-37
154        <activity
154-->src/main/AndroidManifest.xml:135:9-137:40
155            android:name="com.forcepower.acedns.new_activity.market_feedback.MarketFeedbackSBGStockConfirmationActivity"
155-->src/main/AndroidManifest.xml:136:13-100
156            android:exported="false" />
156-->src/main/AndroidManifest.xml:137:13-37
157        <activity
157-->src/main/AndroidManifest.xml:138:9-140:40
158            android:name="com.forcepower.acedns.new_activity.market_feedback.MarketFeedbackSBGActivity"
158-->src/main/AndroidManifest.xml:139:13-83
159            android:exported="false" /> <!-- <activity -->
159-->src/main/AndroidManifest.xml:140:13-37
160        <!-- android:name=".new_activity.track_order.TrackOrderNewActivity" -->
161        <!-- android:exported="false" /> -->
162        <activity
162-->src/main/AndroidManifest.xml:143:9-145:40
163            android:name="com.forcepower.acedns.new_activity.dealer_subdealer_visit.DealerSubDealerVisitActivity"
163-->src/main/AndroidManifest.xml:144:13-93
164            android:exported="false" />
164-->src/main/AndroidManifest.xml:145:13-37
165        <activity
165-->src/main/AndroidManifest.xml:146:9-148:40
166            android:name="com.forcepower.acedns.new_activity.nt_quotation.activity.lead_graph.LeadGenerationReportDetailsActivity"
166-->src/main/AndroidManifest.xml:147:13-110
167            android:exported="false" />
167-->src/main/AndroidManifest.xml:148:13-37
168        <activity
168-->src/main/AndroidManifest.xml:149:9-151:40
169            android:name="com.forcepower.acedns.new_activity.nt_quotation.activity.lead_graph.LeadGenerationReportActivity"
169-->src/main/AndroidManifest.xml:150:13-103
170            android:exported="false" />
170-->src/main/AndroidManifest.xml:151:13-37
171        <activity
171-->src/main/AndroidManifest.xml:152:9-154:40
172            android:name="com.forcepower.acedns.new_activity.nt_quotation.activity.lead_graph.LeadGenerationGraphActivity"
172-->src/main/AndroidManifest.xml:153:13-102
173            android:exported="false" />
173-->src/main/AndroidManifest.xml:154:13-37
174        <activity
174-->src/main/AndroidManifest.xml:155:9-157:40
175            android:name="com.forcepower.acedns.new_activity.sitelead.LeadDetailsActivity"
175-->src/main/AndroidManifest.xml:156:13-70
176            android:exported="false" />
176-->src/main/AndroidManifest.xml:157:13-37
177        <activity
177-->src/main/AndroidManifest.xml:158:9-160:40
178            android:name="com.forcepower.acedns.new_activity.sitelead.NewSiteLeadListActivity"
178-->src/main/AndroidManifest.xml:159:13-74
179            android:exported="false" />
179-->src/main/AndroidManifest.xml:160:13-37
180        <activity
180-->src/main/AndroidManifest.xml:161:9-163:40
181            android:name="com.forcepower.acedns.new_activity.sitelead.NewSiteLeadDetailsActivity"
181-->src/main/AndroidManifest.xml:162:13-77
182            android:exported="false" />
182-->src/main/AndroidManifest.xml:163:13-37
183        <activity
183-->src/main/AndroidManifest.xml:164:9-166:40
184            android:name="com.forcepower.acedns.new_activity.rsar_meeting.CreateRsarMeetingRecordActivity"
184-->src/main/AndroidManifest.xml:165:13-86
185            android:exported="false" />
185-->src/main/AndroidManifest.xml:166:13-37
186        <activity
186-->src/main/AndroidManifest.xml:167:9-169:40
187            android:name="com.forcepower.acedns.new_activity.rsar_meeting.MyRsarMeetingListActivity"
187-->src/main/AndroidManifest.xml:168:13-80
188            android:exported="false" />
188-->src/main/AndroidManifest.xml:169:13-37
189        <activity
189-->src/main/AndroidManifest.xml:170:9-172:40
190            android:name="com.forcepower.acedns.new_activity.sitelead.NewSiteLeadActivity"
190-->src/main/AndroidManifest.xml:171:13-70
191            android:exported="false" />
191-->src/main/AndroidManifest.xml:172:13-37
192        <activity
192-->src/main/AndroidManifest.xml:173:9-175:40
193            android:name="com.forcepower.acedns.activity.non_auth.main_menu.sis_summery.NewSisSummeryActivity"
193-->src/main/AndroidManifest.xml:174:13-90
194            android:exported="false" />
194-->src/main/AndroidManifest.xml:175:13-37
195        <activity
195-->src/main/AndroidManifest.xml:176:9-178:40
196            android:name="com.forcepower.acedns.new_activity.khoj.KhojDetailsActivity"
196-->src/main/AndroidManifest.xml:177:13-66
197            android:exported="false" />
197-->src/main/AndroidManifest.xml:178:13-37
198        <activity
198-->src/main/AndroidManifest.xml:179:9-181:40
199            android:name="com.forcepower.acedns.new_activity.khoj.NewKhojActivity"
199-->src/main/AndroidManifest.xml:180:13-62
200            android:exported="false" />
200-->src/main/AndroidManifest.xml:181:13-37
201        <activity
201-->src/main/AndroidManifest.xml:182:9-184:40
202            android:name="com.forcepower.acedns.new_activity.nt_quotation.activity.lead_query.LeadGenerationActivity"
202-->src/main/AndroidManifest.xml:183:13-97
203            android:exported="false" />
203-->src/main/AndroidManifest.xml:184:13-37
204        <activity
204-->src/main/AndroidManifest.xml:185:9-187:40
205            android:name="com.forcepower.acedns.new_activity.declaration.DeclarationListActivity"
205-->src/main/AndroidManifest.xml:186:13-77
206            android:exported="false" />
206-->src/main/AndroidManifest.xml:187:13-37
207        <activity
207-->src/main/AndroidManifest.xml:188:9-190:40
208            android:name="com.forcepower.acedns.activity.LeadGenerationApprovalDetailsActivity"
208-->src/main/AndroidManifest.xml:189:13-75
209            android:exported="false" />
209-->src/main/AndroidManifest.xml:190:13-37
210        <activity
210-->src/main/AndroidManifest.xml:191:9-193:40
211            android:name="com.forcepower.acedns.activity.LeadGenerationApprovalActivity"
211-->src/main/AndroidManifest.xml:192:13-68
212            android:exported="false" />
212-->src/main/AndroidManifest.xml:193:13-37
213        <activity
213-->src/main/AndroidManifest.xml:194:9-196:40
214            android:name="com.forcepower.acedns.activity.DashboardActivity"
214-->src/main/AndroidManifest.xml:195:13-55
215            android:exported="false" />
215-->src/main/AndroidManifest.xml:196:13-37
216        <activity
216-->src/main/AndroidManifest.xml:197:9-199:40
217            android:name="com.forcepower.acedns.activity.BdSisActivity"
217-->src/main/AndroidManifest.xml:198:13-51
218            android:exported="false" />
218-->src/main/AndroidManifest.xml:199:13-37
219        <activity
219-->src/main/AndroidManifest.xml:200:9-202:40
220            android:name="com.forcepower.acedns.activity.WebViewActivity"
220-->src/main/AndroidManifest.xml:201:13-53
221            android:exported="false" />
221-->src/main/AndroidManifest.xml:202:13-37
222        <activity
222-->src/main/AndroidManifest.xml:203:9-205:40
223            android:name="com.forcepower.acedns.activity.TourMultiTravelExpenseLandingActivity"
223-->src/main/AndroidManifest.xml:204:13-75
224            android:exported="false" />
224-->src/main/AndroidManifest.xml:205:13-37
225        <activity
225-->src/main/AndroidManifest.xml:206:9-209:66
226            android:name="com.forcepower.acedns.activity.SiteVisitApprovalActivity"
226-->src/main/AndroidManifest.xml:207:13-63
227            android:exported="false"
227-->src/main/AndroidManifest.xml:208:13-37
228            android:theme="@android:style/Theme.WithActionBar" />
228-->src/main/AndroidManifest.xml:209:13-63
229        <activity
229-->src/main/AndroidManifest.xml:210:9-216:20
230            android:name="com.forcepower.acedns.activity.LocalEventActivity"
230-->src/main/AndroidManifest.xml:211:13-56
231            android:exported="false" >
231-->src/main/AndroidManifest.xml:212:13-37
232            <meta-data
232-->src/main/AndroidManifest.xml:213:13-215:36
233                android:name="android.app.lib_name"
233-->src/main/AndroidManifest.xml:214:17-52
234                android:value="" />
234-->src/main/AndroidManifest.xml:215:17-33
235        </activity>
236        <activity
236-->src/main/AndroidManifest.xml:217:9-223:20
237            android:name="com.forcepower.acedns.activity.HoardingActivity"
237-->src/main/AndroidManifest.xml:218:13-54
238            android:exported="false" >
238-->src/main/AndroidManifest.xml:219:13-37
239            <meta-data
239-->src/main/AndroidManifest.xml:213:13-215:36
240                android:name="android.app.lib_name"
240-->src/main/AndroidManifest.xml:214:17-52
241                android:value="" />
241-->src/main/AndroidManifest.xml:215:17-33
242        </activity>
243        <activity
243-->src/main/AndroidManifest.xml:224:9-230:20
244            android:name="com.forcepower.acedns.activity.LuxInShopActivity"
244-->src/main/AndroidManifest.xml:225:13-55
245            android:exported="false" >
245-->src/main/AndroidManifest.xml:226:13-37
246            <meta-data
246-->src/main/AndroidManifest.xml:213:13-215:36
247                android:name="android.app.lib_name"
247-->src/main/AndroidManifest.xml:214:17-52
248                android:value="" />
248-->src/main/AndroidManifest.xml:215:17-33
249        </activity>
250        <activity
250-->src/main/AndroidManifest.xml:231:9-237:20
251            android:name="com.forcepower.acedns.activity.LuxEventActivity"
251-->src/main/AndroidManifest.xml:232:13-54
252            android:exported="false" >
252-->src/main/AndroidManifest.xml:233:13-37
253            <meta-data
253-->src/main/AndroidManifest.xml:213:13-215:36
254                android:name="android.app.lib_name"
254-->src/main/AndroidManifest.xml:214:17-52
255                android:value="" />
255-->src/main/AndroidManifest.xml:215:17-33
256        </activity>
257        <activity
257-->src/main/AndroidManifest.xml:238:9-244:20
258            android:name="com.forcepower.acedns.activity.KycActivity"
258-->src/main/AndroidManifest.xml:239:13-49
259            android:exported="false" >
259-->src/main/AndroidManifest.xml:240:13-37
260            <meta-data
260-->src/main/AndroidManifest.xml:213:13-215:36
261                android:name="android.app.lib_name"
261-->src/main/AndroidManifest.xml:214:17-52
262                android:value="" />
262-->src/main/AndroidManifest.xml:215:17-33
263        </activity>
264        <activity
264-->src/main/AndroidManifest.xml:245:9-251:20
265            android:name="com.forcepower.acedns.activity.LuxSiteDisplayVisitActivity"
265-->src/main/AndroidManifest.xml:246:13-65
266            android:exported="false" >
266-->src/main/AndroidManifest.xml:247:13-37
267            <meta-data
267-->src/main/AndroidManifest.xml:213:13-215:36
268                android:name="android.app.lib_name"
268-->src/main/AndroidManifest.xml:214:17-52
269                android:value="" />
269-->src/main/AndroidManifest.xml:215:17-33
270        </activity>
271        <activity
271-->src/main/AndroidManifest.xml:252:9-254:40
272            android:name="com.forcepower.acedns.activity.RemainderActivityLanding"
272-->src/main/AndroidManifest.xml:253:13-62
273            android:exported="false" />
273-->src/main/AndroidManifest.xml:254:13-37
274        <activity
274-->src/main/AndroidManifest.xml:255:9-257:40
275            android:name="com.forcepower.acedns.activity.RemainderActivity"
275-->src/main/AndroidManifest.xml:256:13-55
276            android:exported="false" />
276-->src/main/AndroidManifest.xml:257:13-37
277        <activity
277-->src/main/AndroidManifest.xml:258:9-260:40
278            android:name="com.forcepower.acedns.activity.DsrPdfActivity"
278-->src/main/AndroidManifest.xml:259:13-52
279            android:exported="false" />
279-->src/main/AndroidManifest.xml:260:13-37
280        <activity
280-->src/main/AndroidManifest.xml:261:9-264:53
281            android:name="com.forcepower.acedns.activity.TargetAchieveLandingActivity"
281-->src/main/AndroidManifest.xml:262:13-66
282            android:exported="false"
282-->src/main/AndroidManifest.xml:263:13-37
283            android:screenOrientation="landscape" />
283-->src/main/AndroidManifest.xml:264:13-50
284        <activity
284-->src/main/AndroidManifest.xml:265:9-267:40
285            android:name="com.forcepower.acedns.activity.RoutePlanApprovalActivity"
285-->src/main/AndroidManifest.xml:266:13-63
286            android:exported="false" />
286-->src/main/AndroidManifest.xml:267:13-37
287        <activity
287-->src/main/AndroidManifest.xml:268:9-270:40
288            android:name="com.forcepower.acedns.activity.OrderSummaryPDFActivity"
288-->src/main/AndroidManifest.xml:269:13-61
289            android:exported="false" />
289-->src/main/AndroidManifest.xml:270:13-37
290        <activity
290-->src/main/AndroidManifest.xml:271:9-274:66
291            android:name="com.forcepower.acedns.activity.SisSummeryActivity"
291-->src/main/AndroidManifest.xml:272:13-56
292            android:exported="false"
292-->src/main/AndroidManifest.xml:273:13-37
293            android:theme="@android:style/Theme.WithActionBar" />
293-->src/main/AndroidManifest.xml:274:13-63
294        <activity
294-->src/main/AndroidManifest.xml:275:9-277:40
295            android:name="com.forcepower.acedns.activity.TelecallerActivity"
295-->src/main/AndroidManifest.xml:276:13-56
296            android:exported="false" />
296-->src/main/AndroidManifest.xml:277:13-37
297        <activity
297-->src/main/AndroidManifest.xml:278:9-280:40
298            android:name="com.forcepower.acedns.activity.GroupLeaderFormActivity"
298-->src/main/AndroidManifest.xml:279:13-61
299            android:exported="false" />
299-->src/main/AndroidManifest.xml:280:13-37
300        <activity
300-->src/main/AndroidManifest.xml:281:9-283:40
301            android:name="com.forcepower.acedns.activity.KnockingFormActivity"
301-->src/main/AndroidManifest.xml:282:13-58
302            android:exported="false" />
302-->src/main/AndroidManifest.xml:283:13-37
303        <activity
303-->src/main/AndroidManifest.xml:284:9-286:40
304            android:name="com.forcepower.acedns.activity.DemoFormActivity"
304-->src/main/AndroidManifest.xml:285:13-54
305            android:exported="false" />
305-->src/main/AndroidManifest.xml:286:13-37
306        <activity
306-->src/main/AndroidManifest.xml:287:9-289:40
307            android:name="com.forcepower.acedns.activity.TentFormActivity"
307-->src/main/AndroidManifest.xml:288:13-54
308            android:exported="false" />
308-->src/main/AndroidManifest.xml:289:13-37
309        <activity
309-->src/main/AndroidManifest.xml:290:9-292:40
310            android:name="com.forcepower.acedns.activity.StockistVisitReportActivity"
310-->src/main/AndroidManifest.xml:291:13-65
311            android:exported="false" />
311-->src/main/AndroidManifest.xml:292:13-37
312        <activity
312-->src/main/AndroidManifest.xml:293:9-295:40
313            android:name="com.forcepower.acedns.activity.StockistVisitActivity"
313-->src/main/AndroidManifest.xml:294:13-59
314            android:exported="false" />
314-->src/main/AndroidManifest.xml:295:13-37
315        <activity
315-->src/main/AndroidManifest.xml:296:9-298:40
316            android:name="com.forcepower.acedns.activity.OdometerReportActivity"
316-->src/main/AndroidManifest.xml:297:13-60
317            android:exported="false" />
317-->src/main/AndroidManifest.xml:298:13-37